> Ready on http://0.0.0.0:3000
> Socket.IO server running at ws://0.0.0.0:3000/api/socketio
Broadcasting data: oceanographic at 2025-08-23T00:52:47.970Z
Broadcasting data: prediction at 2025-08-23T00:52:52.968Z
Broadcasting data: oceanographic at 2025-08-23T00:52:52.970Z
Broadcasting data: vessel at 2025-08-23T00:52:57.970Z
Broadcasting data: oceanographic at 2025-08-23T00:52:57.971Z
Broadcasting data: prediction at 2025-08-23T00:53:02.969Z
Broadcasting data: oceanographic at 2025-08-23T00:53:02.972Z
Broadcasting data: oceanographic at 2025-08-23T00:53:07.974Z
Broadcasting data: prediction at 2025-08-23T00:53:12.969Z
Broadcasting data: vessel at 2025-08-23T00:53:12.971Z
Broadcasting data: oceanographic at 2025-08-23T00:53:12.974Z
Broadcasting data: oceanographic at 2025-08-23T00:53:17.978Z
Broadcasting data: prediction at 2025-08-23T00:53:22.974Z
Broadcasting data: oceanographic at 2025-08-23T00:53:22.978Z
Broadcasting data: vessel at 2025-08-23T00:53:27.974Z
Broadcasting data: oceanographic at 2025-08-23T00:53:27.978Z
Broadcasting data: prediction at 2025-08-23T00:53:32.979Z
Broadcasting data: oceanographic at 2025-08-23T00:53:32.979Z
Broadcasting data: oceanographic at 2025-08-23T00:53:37.981Z
Broadcasting data: vessel at 2025-08-23T00:53:42.974Z
Broadcasting data: prediction at 2025-08-23T00:53:42.978Z
Broadcasting data: oceanographic at 2025-08-23T00:53:42.980Z
Broadcasting data: oceanographic at 2025-08-23T00:53:47.982Z
Broadcasting data: prediction at 2025-08-23T00:53:52.979Z
Broadcasting data: oceanographic at 2025-08-23T00:53:52.982Z
Broadcasting data: vessel at 2025-08-23T00:53:57.975Z
Broadcasting data: oceanographic at 2025-08-23T00:53:57.982Z
Broadcasting data: prediction at 2025-08-23T00:54:02.982Z
Broadcasting data: oceanographic at 2025-08-23T00:54:02.982Z
Broadcasting data: oceanographic at 2025-08-23T00:54:07.987Z
Broadcasting data: vessel at 2025-08-23T00:54:12.979Z
Broadcasting data: prediction at 2025-08-23T00:54:12.982Z
Broadcasting data: oceanographic at 2025-08-23T00:54:12.986Z
Broadcasting data: oceanographic at 2025-08-23T00:54:17.992Z
Broadcasting data: prediction at 2025-08-23T00:54:22.987Z
Broadcasting data: oceanographic at 2025-08-23T00:54:22.991Z
Broadcasting data: vessel at 2025-08-23T00:54:27.982Z
Broadcasting data: oceanographic at 2025-08-23T00:54:27.992Z
Broadcasting data: prediction at 2025-08-23T00:54:32.990Z
Broadcasting data: oceanographic at 2025-08-23T00:54:32.992Z
Broadcasting data: oceanographic at 2025-08-23T00:54:37.996Z
Broadcasting data: alert at 2025-08-23T00:54:42.981Z
Broadcasting data: vessel at 2025-08-23T00:54:42.983Z
Broadcasting data: prediction at 2025-08-23T00:54:42.990Z
Broadcasting data: oceanographic at 2025-08-23T00:54:42.995Z
Broadcasting data: oceanographic at 2025-08-23T00:54:48.000Z
Broadcasting data: prediction at 2025-08-23T00:54:52.994Z
Broadcasting data: oceanographic at 2025-08-23T00:54:53.000Z
Broadcasting data: vessel at 2025-08-23T00:54:57.986Z
Broadcasting data: oceanographic at 2025-08-23T00:54:58.000Z
Broadcasting data: prediction at 2025-08-23T00:55:02.995Z
Broadcasting data: oceanographic at 2025-08-23T00:55:03.001Z
Broadcasting data: oceanographic at 2025-08-23T00:55:08.001Z
Broadcasting data: alert at 2025-08-23T00:55:12.987Z
Broadcasting data: vessel at 2025-08-23T00:55:12.987Z
Broadcasting data: prediction at 2025-08-23T00:55:12.995Z
Broadcasting data: oceanographic at 2025-08-23T00:55:13.001Z
Broadcasting data: oceanographic at 2025-08-23T00:55:18.003Z
Broadcasting data: prediction at 2025-08-23T00:55:22.997Z
Broadcasting data: oceanographic at 2025-08-23T00:55:23.003Z
Broadcasting data: vessel at 2025-08-23T00:55:27.990Z
Broadcasting data: oceanographic at 2025-08-23T00:55:28.003Z
Broadcasting data: prediction at 2025-08-23T00:55:33.002Z
Broadcasting data: oceanographic at 2025-08-23T00:55:33.003Z
Broadcasting data: oceanographic at 2025-08-23T00:55:38.006Z
Broadcasting data: alert at 2025-08-23T00:55:42.986Z
Broadcasting data: vessel at 2025-08-23T00:55:42.991Z
Broadcasting data: prediction at 2025-08-23T00:55:43.003Z
Broadcasting data: oceanographic at 2025-08-23T00:55:43.006Z
Broadcasting data: oceanographic at 2025-08-23T00:55:48.006Z
Broadcasting data: prediction at 2025-08-23T00:55:53.004Z
Broadcasting data: oceanographic at 2025-08-23T00:55:53.006Z
Broadcasting data: vessel at 2025-08-23T00:55:57.994Z
Broadcasting data: oceanographic at 2025-08-23T00:55:58.006Z
Broadcasting data: prediction at 2025-08-23T00:56:03.008Z
Broadcasting data: oceanographic at 2025-08-23T00:56:03.008Z
Broadcasting data: oceanographic at 2025-08-23T00:56:08.010Z
Broadcasting data: alert at 2025-08-23T00:56:12.990Z
Broadcasting data: vessel at 2025-08-23T00:56:12.994Z
Broadcasting data: prediction at 2025-08-23T00:56:13.008Z
Broadcasting data: oceanographic at 2025-08-23T00:56:13.010Z
Broadcasting data: oceanographic at 2025-08-23T00:56:18.011Z
Broadcasting data: prediction at 2025-08-23T00:56:23.012Z
Broadcasting data: oceanographic at 2025-08-23T00:56:23.012Z
Broadcasting data: vessel at 2025-08-23T00:56:27.999Z
Broadcasting data: oceanographic at 2025-08-23T00:56:28.012Z
Broadcasting data: prediction at 2025-08-23T00:56:33.014Z
Broadcasting data: oceanographic at 2025-08-23T00:56:33.014Z
Broadcasting data: oceanographic at 2025-08-23T00:56:38.015Z
Broadcasting data: vessel at 2025-08-23T00:56:42.998Z
Broadcasting data: prediction at 2025-08-23T00:56:43.014Z
Broadcasting data: oceanographic at 2025-08-23T00:56:43.015Z
Broadcasting data: oceanographic at 2025-08-23T00:56:48.020Z
Broadcasting data: prediction at 2025-08-23T00:56:53.019Z
Broadcasting data: oceanographic at 2025-08-23T00:56:53.019Z
Broadcasting data: vessel at 2025-08-23T00:56:58.002Z
Broadcasting data: oceanographic at 2025-08-23T00:56:58.019Z
Broadcasting data: prediction at 2025-08-23T00:57:03.020Z
Broadcasting data: oceanographic at 2025-08-23T00:57:03.020Z
Broadcasting data: oceanographic at 2025-08-23T00:57:08.025Z
Broadcasting data: alert at 2025-08-23T00:57:12.998Z
Broadcasting data: vessel at 2025-08-23T00:57:13.002Z
Broadcasting data: prediction at 2025-08-23T00:57:13.020Z
Broadcasting data: oceanographic at 2025-08-23T00:57:13.026Z
Broadcasting data: oceanographic at 2025-08-23T00:57:18.030Z
Broadcasting data: prediction at 2025-08-23T00:57:23.021Z
Broadcasting data: oceanographic at 2025-08-23T00:57:23.030Z
Broadcasting data: vessel at 2025-08-23T00:57:28.007Z
Broadcasting data: oceanographic at 2025-08-23T00:57:28.031Z
Broadcasting data: prediction at 2025-08-23T00:57:33.026Z
Broadcasting data: oceanographic at 2025-08-23T00:57:33.031Z
Broadcasting data: oceanographic at 2025-08-23T00:57:38.034Z
Broadcasting data: vessel at 2025-08-23T00:57:43.007Z
Broadcasting data: prediction at 2025-08-23T00:57:43.026Z
Broadcasting data: oceanographic at 2025-08-23T00:57:43.034Z
Broadcasting data: oceanographic at 2025-08-23T00:57:48.038Z
Broadcasting data: prediction at 2025-08-23T00:57:53.031Z
Broadcasting data: oceanographic at 2025-08-23T00:57:53.038Z
Broadcasting data: vessel at 2025-08-23T00:57:58.007Z
Broadcasting data: oceanographic at 2025-08-23T00:57:58.038Z
Broadcasting data: prediction at 2025-08-23T00:58:03.033Z
Broadcasting data: oceanographic at 2025-08-23T00:58:03.038Z
Broadcasting data: oceanographic at 2025-08-23T00:58:08.042Z
Broadcasting data: vessel at 2025-08-23T00:58:13.008Z
Broadcasting data: prediction at 2025-08-23T00:58:13.034Z
Broadcasting data: oceanographic at 2025-08-23T00:58:13.042Z
Broadcasting data: oceanographic at 2025-08-23T00:58:18.047Z
Broadcasting data: prediction at 2025-08-23T00:58:23.036Z
Broadcasting data: oceanographic at 2025-08-23T00:58:23.047Z
Broadcasting data: vessel at 2025-08-23T00:58:28.010Z
Broadcasting data: oceanographic at 2025-08-23T00:58:28.047Z
Broadcasting data: prediction at 2025-08-23T00:58:33.036Z
Broadcasting data: oceanographic at 2025-08-23T00:58:33.048Z
Broadcasting data: oceanographic at 2025-08-23T00:58:38.050Z
Broadcasting data: vessel at 2025-08-23T00:58:43.010Z
Broadcasting data: prediction at 2025-08-23T00:58:43.036Z
Broadcasting data: oceanographic at 2025-08-23T00:58:43.051Z
Broadcasting data: oceanographic at 2025-08-23T00:58:48.055Z
Broadcasting data: prediction at 2025-08-23T00:58:53.038Z
Broadcasting data: oceanographic at 2025-08-23T00:58:53.055Z
Broadcasting data: vessel at 2025-08-23T00:58:58.015Z
Broadcasting data: oceanographic at 2025-08-23T00:58:58.055Z
Broadcasting data: prediction at 2025-08-23T00:59:03.042Z
Broadcasting data: oceanographic at 2025-08-23T00:59:03.058Z
Broadcasting data: oceanographic at 2025-08-23T00:59:08.058Z
Broadcasting data: vessel at 2025-08-23T00:59:13.014Z
Broadcasting data: prediction at 2025-08-23T00:59:13.043Z
Broadcasting data: oceanographic at 2025-08-23T00:59:13.058Z
Broadcasting data: oceanographic at 2025-08-23T00:59:18.063Z
Broadcasting data: prediction at 2025-08-23T00:59:23.044Z
Broadcasting data: oceanographic at 2025-08-23T00:59:23.063Z
Broadcasting data: vessel at 2025-08-23T00:59:28.018Z
Broadcasting data: oceanographic at 2025-08-23T00:59:28.064Z
Broadcasting data: prediction at 2025-08-23T00:59:33.048Z
Broadcasting data: oceanographic at 2025-08-23T00:59:33.064Z
Broadcasting data: oceanographic at 2025-08-23T00:59:38.065Z
Broadcasting data: alert at 2025-08-23T00:59:43.015Z
Broadcasting data: vessel at 2025-08-23T00:59:43.019Z
Broadcasting data: prediction at 2025-08-23T00:59:43.048Z
Broadcasting data: oceanographic at 2025-08-23T00:59:43.065Z
Broadcasting data: oceanographic at 2025-08-23T00:59:48.066Z
Broadcasting data: prediction at 2025-08-23T00:59:53.053Z
Broadcasting data: oceanographic at 2025-08-23T00:59:53.066Z
Broadcasting data: vessel at 2025-08-23T00:59:58.022Z
Broadcasting data: oceanographic at 2025-08-23T00:59:58.066Z
Broadcasting data: prediction at 2025-08-23T01:00:03.058Z
Broadcasting data: oceanographic at 2025-08-23T01:00:03.066Z
Broadcasting data: oceanographic at 2025-08-23T01:00:08.070Z
Broadcasting data: vessel at 2025-08-23T01:00:13.022Z
Broadcasting data: prediction at 2025-08-23T01:00:13.058Z
Broadcasting data: oceanographic at 2025-08-23T01:00:13.071Z
Broadcasting data: oceanographic at 2025-08-23T01:00:18.070Z
Broadcasting data: prediction at 2025-08-23T01:00:23.059Z
Broadcasting data: oceanographic at 2025-08-23T01:00:23.070Z
Broadcasting data: vessel at 2025-08-23T01:00:28.024Z
Broadcasting data: oceanographic at 2025-08-23T01:00:28.070Z
Broadcasting data: prediction at 2025-08-23T01:00:33.062Z
Broadcasting data: oceanographic at 2025-08-23T01:00:33.070Z
Broadcasting data: oceanographic at 2025-08-23T01:00:38.072Z
Broadcasting data: alert at 2025-08-23T01:00:43.025Z
Broadcasting data: vessel at 2025-08-23T01:00:43.025Z
Broadcasting data: prediction at 2025-08-23T01:00:43.062Z
Broadcasting data: oceanographic at 2025-08-23T01:00:43.071Z
Broadcasting data: oceanographic at 2025-08-23T01:00:48.077Z
Broadcasting data: prediction at 2025-08-23T01:00:53.066Z
Broadcasting data: oceanographic at 2025-08-23T01:00:53.076Z
Broadcasting data: vessel at 2025-08-23T01:00:58.027Z
Broadcasting data: oceanographic at 2025-08-23T01:00:58.076Z
Broadcasting data: prediction at 2025-08-23T01:01:03.070Z
Broadcasting data: oceanographic at 2025-08-23T01:01:03.076Z
Broadcasting data: oceanographic at 2025-08-23T01:01:08.081Z
Broadcasting data: vessel at 2025-08-23T01:01:13.031Z
Broadcasting data: prediction at 2025-08-23T01:01:13.071Z
Broadcasting data: oceanographic at 2025-08-23T01:01:13.081Z
Broadcasting data: oceanographic at 2025-08-23T01:01:18.081Z
Broadcasting data: prediction at 2025-08-23T01:01:23.074Z
Broadcasting data: oceanographic at 2025-08-23T01:01:23.081Z
Broadcasting data: vessel at 2025-08-23T01:01:28.035Z
Broadcasting data: oceanographic at 2025-08-23T01:01:28.082Z
Broadcasting data: prediction at 2025-08-23T01:01:33.079Z
Broadcasting data: oceanographic at 2025-08-23T01:01:33.082Z
Broadcasting data: oceanographic at 2025-08-23T01:01:38.086Z
anographic at 2025-08-23T01:01:33.082Z
Broadcasting data: oceanographic at 2025-08-23T01:01:38.086Z
